<?xml version="1.0" encoding="UTF-8"?>
<!-- Generated by org.testng.reporters.JUnitXMLReporter -->
<testsuite ignored="0" hostname="AMIT" failures="0" tests="5" name="Default test" time="0.15" errors="0" timestamp="2022-10-12T03:12:09 IST">
  <testcase classname="TestZerodha.ZerodhaTesting" name="@BeforeClass openbrowser" time="0.049">
    <failure type="java.lang.IllegalStateException" message="The path to the driver executable must be set by the webdriver.chrome.driver system property; for more information, see https://github.com/SeleniumHQ/selenium/wiki/ChromeDriver. The latest version can be downloaded from http://chromedriver.storage.googleapis.com/index.html">
      <![CDATA[java.lang.IllegalStateException: The path to the driver executable must be set by the webdriver.chrome.driver system property; for more information, see https://github.com/SeleniumHQ/selenium/wiki/ChromeDriver. The latest version can be downloaded from http://chromedriver.storage.googleapis.com/index.html
at com.google.common.base.Preconditions.checkState(Preconditions.java:847)
at org.openqa.selenium.remote.service.DriverService.findExecutable(DriverService.java:134)
at org.openqa.selenium.chrome.ChromeDriverService.access$000(ChromeDriverService.java:35)
at org.openqa.selenium.chrome.ChromeDriverService$Builder.findDefaultExecutable(ChromeDriverService.java:159)
at org.openqa.selenium.remote.service.DriverService$Builder.build(DriverService.java:355)
at org.openqa.selenium.chrome.ChromeDriverService.createDefaultService(ChromeDriverService.java:94)
at org.openqa.selenium.chrome.ChromeDriver.<init>(ChromeDriver.java:123)
at TestZerodha.ZerodhaTesting.openbrowser(ZerodhaTesting.java:39)
at java.base/jdk.internal.reflect.DirectMethodHandleAccessor.invoke(DirectMethodHandleAccessor.java:104)
at java.base/java.lang.reflect.Method.invoke(Method.java:577)
at org.testng.internal.MethodInvocationHelper.invokeMethod(MethodInvocationHelper.java:133)
at org.testng.internal.MethodInvocationHelper.invokeMethodConsideringTimeout(MethodInvocationHelper.java:62)
at org.testng.internal.ConfigInvoker.invokeConfigurationMethod(ConfigInvoker.java:385)
at org.testng.internal.ConfigInvoker.invokeConfigurations(ConfigInvoker.java:321)
at org.testng.internal.TestMethodWorker.invokeBeforeClassMethods(TestMethodWorker.java:176)
at org.testng.internal.TestMethodWorker.run(TestMethodWorker.java:122)
at java.base/java.util.ArrayList.forEach(ArrayList.java:1511)
at org.testng.TestRunner.privateRun(TestRunner.java:794)
at org.testng.TestRunner.run(TestRunner.java:596)
at org.testng.SuiteRunner.runTest(SuiteRunner.java:377)
at org.testng.SuiteRunner.runSequentially(SuiteRunner.java:371)
at org.testng.SuiteRunner.privateRun(SuiteRunner.java:332)
at org.testng.SuiteRunner.run(SuiteRunner.java:276)
at org.testng.SuiteRunnerWorker.runSuite(SuiteRunnerWorker.java:53)
at org.testng.SuiteRunnerWorker.run(SuiteRunnerWorker.java:96)
at org.testng.TestNG.runSuitesSequentially(TestNG.java:1212)
at org.testng.TestNG.runSuitesLocally(TestNG.java:1134)
at org.testng.TestNG.runSuites(TestNG.java:1063)
at org.testng.TestNG.run(TestNG.java:1031)
at org.testng.remote.AbstractRemoteTestNG.run(AbstractRemoteTestNG.java:115)
at org.testng.remote.RemoteTestNG.initAndRun(RemoteTestNG.java:251)
at org.testng.remote.RemoteTestNG.main(RemoteTestNG.java:77)
]]>
    </failure>
  </testcase> <!-- @BeforeClass openbrowser -->
  <testcase classname="TestZerodha.ZerodhaTesting" name="@BeforeMethod login" time="-1.665524529235E9">
    <skipped/>
  </testcase> <!-- @BeforeMethod login -->
  <testcase classname="TestZerodha.ZerodhaTesting" name="@AfterMethod testlogout" time="-1.665524529249E9">
    <skipped/>
  </testcase> <!-- @AfterMethod testlogout -->
  <testcase classname="TestZerodha.ZerodhaTesting" name="@BeforeMethod login" time="-1.665524529255E9">
    <skipped/>
  </testcase> <!-- @BeforeMethod login -->
  <testcase classname="TestZerodha.ZerodhaTesting" name="@AfterMethod testlogout" time="-1.66552452926E9">
    <skipped/>
  </testcase> <!-- @AfterMethod testlogout -->
  <testcase classname="TestZerodha.ZerodhaTesting" name="@BeforeMethod login" time="-1.665524529262E9">
    <skipped/>
  </testcase> <!-- @BeforeMethod login -->
  <testcase classname="TestZerodha.ZerodhaTesting" name="@AfterMethod testlogout" time="-1.665524529266E9">
    <skipped/>
  </testcase> <!-- @AfterMethod testlogout -->
  <testcase classname="TestZerodha.ZerodhaTesting" name="@BeforeMethod login" time="-1.665524529268E9">
    <skipped/>
  </testcase> <!-- @BeforeMethod login -->
  <testcase classname="TestZerodha.ZerodhaTesting" name="@AfterMethod testlogout" time="-1.665524529275E9">
    <skipped/>
  </testcase> <!-- @AfterMethod testlogout -->
  <testcase classname="TestZerodha.ZerodhaTesting" name="@BeforeMethod login" time="-1.665524529276E9">
    <skipped/>
  </testcase> <!-- @BeforeMethod login -->
  <testcase classname="TestZerodha.ZerodhaTesting" name="@AfterMethod testlogout" time="-1.665524529283E9">
    <skipped/>
  </testcase> <!-- @AfterMethod testlogout -->
  <testcase classname="TestZerodha.ZerodhaTesting" name="@AfterClass closebrowser" time="-1.665524529284E9">
    <skipped/>
  </testcase> <!-- @AfterClass closebrowser -->
  <testcase classname="TestZerodha.ZerodhaTesting" name="testorders" time="0.0">
    <skipped/>
  </testcase> <!-- testorders -->
  <testcase classname="TestZerodha.ZerodhaTesting" name="testholdings" time="0.0">
    <skipped/>
  </testcase> <!-- testholdings -->
  <testcase classname="TestZerodha.ZerodhaTesting" name="testpositions" time="0.0">
    <skipped/>
  </testcase> <!-- testpositions -->
  <testcase classname="TestZerodha.ZerodhaTesting" name="testfunds" time="0.0">
    <skipped/>
  </testcase> <!-- testfunds -->
  <testcase classname="TestZerodha.ZerodhaTesting" name="testapps" time="0.0">
    <skipped/>
  </testcase> <!-- testapps -->
</testsuite> <!-- Default test -->
